This is pdfTeX, Version 3.14159265-2.6-1.40.17 (TeX Live 2016) (preloaded format=pdflatex 2017.4.23)  25 MAY 2017 17:12
entering extended mode
 restricted \write18 enabled.
 file:line:error style messages enabled.
 %&-line parsing enabled.
**Thesis.tex
(./Thesis.tex
LaTeX2e <2016/03/31>
Babel <3.9r> and hyphenation patterns for 83 language(s) loaded.
(./Thesis.cls
Document Class: Thesis 2007/22/02 v1.0 LaTeX document class
(/usr/local/texlive/2016/texmf-dist/tex/latex/base/book.cls
Document Class: book 2014/09/29 v1.4h Standard LaTeX document class
(/usr/local/texlive/2016/texmf-dist/tex/latex/base/bk11.clo
File: bk11.clo 2014/09/29 v1.4h Standard LaTeX file (size option)
)
\c@part=\count79
\c@chapter=\count80
\c@section=\count81
\c@subsection=\count82
\c@subsubsection=\count83
\c@paragraph=\count84
\c@subparagraph=\count85
\c@figure=\count86
\c@table=\count87
\abovecaptionskip=\skip41
\belowcaptionskip=\skip42
\bibindent=\dimen102
)
(/usr/local/texlive/2016/texmf-dist/tex/latex/setspace/setspace.sty
Package: setspace 2011/12/19 v6.7a set line spacing
)
(/usr/local/texlive/2016/texmf-dist/tex/latex/vmargin/vmargin.sty
Package: vmargin 2004/07/15 V2.5 set document margins (VK)

Package: vmargin 2004/07/15 V2.5 set document margins (VK)
\PaperWidth=\dimen103
\PaperHeight=\dimen104
) (/usr/local/texlive/2016/texmf-dist/tex/latex/fancyhdr/fancyhdr.sty
\fancy@headwidth=\skip43
\f@ncyO@elh=\skip44
\f@ncyO@erh=\skip45
\f@ncyO@olh=\skip46
\f@ncyO@orh=\skip47
\f@ncyO@elf=\skip48
\f@ncyO@erf=\skip49
\f@ncyO@olf=\skip50
\f@ncyO@orf=\skip51
)
(/usr/local/texlive/2016/texmf-dist/tex/latex/amsmath/amsmath.sty
Package: amsmath 2016/03/10 v2.15b AMS math features
\@mathmargin=\skip52

For additional information on amsmath, use the `?' option.
(/usr/local/texlive/2016/texmf-dist/tex/latex/amsmath/amstext.sty
Package: amstext 2000/06/29 v2.01 AMS text

(/usr/local/texlive/2016/texmf-dist/tex/latex/amsmath/amsgen.sty
File: amsgen.sty 1999/11/30 v2.0 generic functions
\@emptytoks=\toks14
\ex@=\dimen105
))
(/usr/local/texlive/2016/texmf-dist/tex/latex/amsmath/amsbsy.sty
Package: amsbsy 1999/11/29 v1.2d Bold Symbols
\pmbraise@=\dimen106
)
(/usr/local/texlive/2016/texmf-dist/tex/latex/amsmath/amsopn.sty
Package: amsopn 2016/03/08 v2.02 operator names
)
\inf@bad=\count88
LaTeX Info: Redefining \frac on input line 199.
\uproot@=\count89
\leftroot@=\count90
LaTeX Info: Redefining \overline on input line 297.
\classnum@=\count91
\DOTSCASE@=\count92
LaTeX Info: Redefining \ldots on input line 394.
LaTeX Info: Redefining \dots on input line 397.
LaTeX Info: Redefining \cdots on input line 518.
\Mathstrutbox@=\box26
\strutbox@=\box27
\big@size=\dimen107
LaTeX Font Info:    Redeclaring font encoding OML on input line 634.
LaTeX Font Info:    Redeclaring font encoding OMS on input line 635.
\macc@depth=\count93
\c@MaxMatrixCols=\count94
\dotsspace@=\muskip10
\c@parentequation=\count95
\dspbrk@lvl=\count96
\tag@help=\toks15
\row@=\count97
\column@=\count98
\maxfields@=\count99
\andhelp@=\toks16
\eqnshift@=\dimen108
\alignsep@=\dimen109
\tagshift@=\dimen110
\tagwidth@=\dimen111
\totwidth@=\dimen112
\lineht@=\dimen113
\@envbody=\toks17
\multlinegap=\skip53
\multlinetaggap=\skip54
\mathdisplay@stack=\toks18
LaTeX Info: Redefining \[ on input line 2739.
LaTeX Info: Redefining \] on input line 2740.
)
(/usr/local/texlive/2016/texmf-dist/tex/latex/amsfonts/amsfonts.sty
Package: amsfonts 2013/01/14 v3.01 Basic AMSFonts support
\symAMSa=\mathgroup4
\symAMSb=\mathgroup5
LaTeX Font Info:    Overwriting math alphabet `\mathfrak' in version `bold'
(Font)                  U/euf/m/n --> U/euf/b/n on input line 106.
)
(/usr/local/texlive/2016/texmf-dist/tex/latex/amsfonts/amssymb.sty
Package: amssymb 2013/01/14 v3.01 AMS font symbols
)
(/usr/local/texlive/2016/texmf-dist/tex/latex/amsmath/amscd.sty
Package: amscd 1999/11/29 v2.0 AMS Commutatitive Diagrams
\athelp@=\toks19
\minaw@=\dimen114
\bigaw@=\dimen115
\minCDarrowwidth=\dimen116
)
(/usr/local/texlive/2016/texmf-dist/tex/latex/amscls/amsthm.sty
Package: amsthm 2015/03/04 v2.20.2
\thm@style=\toks20
\thm@bodyfont=\toks21
\thm@headfont=\toks22
\thm@notefont=\toks23
\thm@headpunct=\toks24
\thm@preskip=\skip55
\thm@postskip=\skip56
\thm@headsep=\skip57
\dth@everypar=\toks25
)
(/usr/local/texlive/2016/texmf-dist/tex/latex/tools/xspace.sty
Package: xspace 2014/10/28 v1.13 Space after command names (DPC,MH)
)
\c@example=\count100
\c@theorem=\count101

(/usr/local/texlive/2016/texmf-dist/tex/latex/caption/caption.sty
Package: caption 2016/02/21 v3.3-144 Customizing captions (AR)

(/usr/local/texlive/2016/texmf-dist/tex/latex/caption/caption3.sty
Package: caption3 2016/02/04 v1.7-139 caption3 kernel (AR)
Package caption3 Info: TeX engine: e-TeX on input line 67.

(/usr/local/texlive/2016/texmf-dist/tex/latex/graphics/keyval.sty
Package: keyval 2014/10/28 v1.15 key=value parser (DPC)
\KV@toks@=\toks26
)
\captionmargin=\dimen117
\captionmargin@=\dimen118
\captionwidth=\dimen119
\caption@tempdima=\dimen120
\caption@indent=\dimen121
\caption@parindent=\dimen122
\caption@hangindent=\dimen123
)
\c@ContinuedFloat=\count102
)
(/usr/local/texlive/2016/texmf-dist/tex/latex/graphics/graphicx.sty
Package: graphicx 2014/10/28 v1.0g Enhanced LaTeX Graphics (DPC,SPQR)

(/usr/local/texlive/2016/texmf-dist/tex/latex/graphics/graphics.sty
Package: graphics 2016/05/09 v1.0r Standard LaTeX Graphics (DPC,SPQR)

(/usr/local/texlive/2016/texmf-dist/tex/latex/graphics/trig.sty
Package: trig 2016/01/03 v1.10 sin cos tan (DPC)
)
(/usr/local/texlive/2016/texmf-dist/tex/latex/graphics-cfg/graphics.cfg
File: graphics.cfg 2016/01/02 v1.10 sample graphics configuration
)
Package graphics Info: Driver file: pdftex.def on input line 96.

(/usr/local/texlive/2016/texmf-dist/tex/latex/pdftex-def/pdftex.def
File: pdftex.def 2011/05/27 v0.06d Graphics/color for pdfTeX

(/usr/local/texlive/2016/texmf-dist/tex/generic/oberdiek/infwarerr.sty
Package: infwarerr 2016/05/16 v1.4 Providing info/warning/error messages (HO)
)
(/usr/local/texlive/2016/texmf-dist/tex/generic/oberdiek/ltxcmds.sty
Package: ltxcmds 2016/05/16 v1.23 LaTeX kernel commands for general use (HO)
)
\Gread@gobject=\count103
))
\Gin@req@height=\dimen124
\Gin@req@width=\dimen125
)
(/usr/local/texlive/2016/texmf-dist/tex/latex/oberdiek/epstopdf.sty
Package: epstopdf 2016/05/15 v2.6 Conversion with epstopdf on the fly (HO)

(/usr/local/texlive/2016/texmf-dist/tex/latex/oberdiek/epstopdf-base.sty
Package: epstopdf-base 2016/05/15 v2.6 Base part for package epstopdf

(/usr/local/texlive/2016/texmf-dist/tex/latex/oberdiek/grfext.sty
Package: grfext 2016/05/16 v1.2 Manage graphics extensions (HO)

(/usr/local/texlive/2016/texmf-dist/tex/generic/oberdiek/kvdefinekeys.sty
Package: kvdefinekeys 2016/05/16 v1.4 Define keys (HO)
))
(/usr/local/texlive/2016/texmf-dist/tex/latex/oberdiek/kvoptions.sty
Package: kvoptions 2016/05/16 v3.12 Key value format for package options (HO)

(/usr/local/texlive/2016/texmf-dist/tex/generic/oberdiek/kvsetkeys.sty
Package: kvsetkeys 2016/05/16 v1.17 Key value parser (HO)

(/usr/local/texlive/2016/texmf-dist/tex/generic/oberdiek/etexcmds.sty
Package: etexcmds 2016/05/16 v1.6 Avoid name clashes with e-TeX commands (HO)

(/usr/local/texlive/2016/texmf-dist/tex/generic/oberdiek/ifluatex.sty
Package: ifluatex 2016/05/16 v1.4 Provides the ifluatex switch (HO)
Package ifluatex Info: LuaTeX not detected.
)
Package etexcmds Info: Could not find \expanded.
(etexcmds)             That can mean that you are not using pdfTeX 1.50 or
(etexcmds)             that some package has redefined \expanded.
(etexcmds)             In the latter case, load this package earlier.
)))
(/usr/local/texlive/2016/texmf-dist/tex/generic/oberdiek/pdftexcmds.sty
Package: pdftexcmds 2016/05/10 v0.21 Utility functions of pdfTeX for LuaTeX (HO
)

(/usr/local/texlive/2016/texmf-dist/tex/generic/oberdiek/ifpdf.sty
Package: ifpdf 2016/05/14 v3.1 Provides the ifpdf switch
)
Package pdftexcmds Info: LuaTeX not detected.
Package pdftexcmds Info: \pdf@primitive is available.
Package pdftexcmds Info: \pdf@ifprimitive is available.
Package pdftexcmds Info: \pdfdraftmode found.
)
Package grfext Info: Graphics extension search list:
(grfext)             [.png,.pdf,.jpg,.mps,.jpeg,.jbig2,.jb2,.PNG,.PDF,.JPG,.JPE
G,.JBIG2,.JB2,.eps]
(grfext)             \AppendGraphicsExtensions on input line 456.

(/usr/local/texlive/2016/texmf-dist/tex/latex/latexconfig/epstopdf-sys.cfg
File: epstopdf-sys.cfg 2010/07/13 v1.3 Configuration of (r)epstopdf for TeX Liv
e
)))
(/usr/local/texlive/2016/texmf-dist/tex/latex/subfigure/subfigure.sty
Package: subfigure 2002/03/15 v2.1.5 subfigure package
\subfigtopskip=\skip58
\subfigcapskip=\skip59
\subfigcaptopadj=\dimen126
\subfigbottomskip=\skip60
\subfigcapmargin=\dimen127
\subfiglabelskip=\skip61
\c@subfigure=\count104
\c@lofdepth=\count105
\c@subtable=\count106
\c@lotdepth=\count107

****************************************
* Local config file subfigure.cfg used *
****************************************
(/usr/local/texlive/2016/texmf-dist/tex/latex/subfigure/subfigure.cfg)
\subfig@top=\skip62
\subfig@bottom=\skip63
)
(/usr/local/texlive/2016/texmf-dist/tex/latex/booktabs/booktabs.sty
Package: booktabs 2016/04/27 v1.618033 publication quality tables
\heavyrulewidth=\dimen128
\lightrulewidth=\dimen129
\cmidrulewidth=\dimen130
\belowrulesep=\dimen131
\belowbottomsep=\dimen132
\aboverulesep=\dimen133
\abovetopsep=\dimen134
\cmidrulesep=\dimen135
\cmidrulekern=\dimen136
\defaultaddspace=\dimen137
\@cmidla=\count108
\@cmidlb=\count109
\@aboverulesep=\dimen138
\@belowrulesep=\dimen139
\@thisruleclass=\count110
\@lastruleclass=\count111
\@thisrulewidth=\dimen140
)
(/usr/local/texlive/2016/texmf-dist/tex/latex/rotating/rotating.sty
Package: rotating 2009/03/28 v2.16a rotated objects in LaTeX

(/usr/local/texlive/2016/texmf-dist/tex/latex/base/ifthen.sty
Package: ifthen 2014/09/29 v1.1c Standard LaTeX ifthen package (DPC)
)
\c@r@tfl@t=\count112
\rotFPtop=\skip64
\rotFPbot=\skip65
\rot@float@box=\box28
\rot@mess@toks=\toks27
)
(/usr/local/texlive/2016/texmf-dist/tex/latex/listings/listings.sty
\lst@mode=\count113
\lst@gtempboxa=\box29
\lst@token=\toks28
\lst@length=\count114
\lst@currlwidth=\dimen141
\lst@column=\count115
\lst@pos=\count116
\lst@lostspace=\dimen142
\lst@width=\dimen143
\lst@newlines=\count117
\lst@lineno=\count118
\lst@maxwidth=\dimen144

(./lstpatch.sty

***
*** This is a patch for listings 1.3, but you're using
*** version 1.6.
***
*** Patch file not loaded.
***

) (/usr/local/texlive/2016/texmf-dist/tex/latex/listings/lstmisc.sty
File: lstmisc.sty 2015/06/04 1.6 (Carsten Heinz)
\c@lstnumber=\count119
\lst@skipnumbers=\count120
\lst@framebox=\box30
)
(/usr/local/texlive/2016/texmf-dist/tex/latex/listings/listings.cfg
File: listings.cfg 2015/06/04 1.6 listings configuration
))
Package: listings 2015/06/04 1.6 (Carsten Heinz)

(./lstpatch.sty

***
*** This is a patch for listings 1.3, but you're using
*** version 1.6.
***
 *** Patch file not loaded.
***

) (/usr/local/texlive/2016/texmf-dist/tex/latex/hyperref/hyperref.sty
Package: hyperref 2016/05/05 v6.83n Hypertext links for LaTeX

(/usr/local/texlive/2016/texmf-dist/tex/generic/oberdiek/hobsub-hyperref.sty
Package: hobsub-hyperref 2016/05/16 v1.14 Bundle oberdiek, subset hyperref (HO)


(/usr/local/texlive/2016/texmf-dist/tex/generic/oberdiek/hobsub-generic.sty
Package: hobsub-generic 2016/05/16 v1.14 Bundle oberdiek, subset generic (HO)
Package: hobsub 2016/05/16 v1.14 Construct package bundles (HO)
Package hobsub Info: Skipping package `infwarerr' (already loaded).
Package hobsub Info: Skipping package `ltxcmds' (already loaded).
Package hobsub Info: Skipping package `ifluatex' (already loaded).
Package: ifvtex 2016/05/16 v1.6 Detect VTeX and its facilities (HO)
Package ifvtex Info: VTeX not detected.
Package: intcalc 2016/05/16 v1.2 Expandable calculations with integers (HO)
Package hobsub Info: Skipping package `ifpdf' (already loaded).
Package hobsub Info: Skipping package `etexcmds' (already loaded).
Package hobsub Info: Skipping package `kvsetkeys' (already loaded).
Package hobsub Info: Skipping package `kvdefinekeys' (already loaded).
Package hobsub Info: Skipping package `pdftexcmds' (already loaded).
Package: pdfescape 2016/05/16 v1.14 Implements pdfTeX's escape features (HO)
Package: bigintcalc 2016/05/16 v1.4 Expandable calculations on big integers (HO
)
Package: bitset 2016/05/16 v1.2 Handle bit-vector datatype (HO)
Package: uniquecounter 2016/05/16 v1.3 Provide unlimited unique counter (HO)
)
Package hobsub Info: Skipping package `hobsub' (already loaded).
Package: letltxmacro 2016/05/16 v1.5 Let assignment for LaTeX macros (HO)
Package: hopatch 2016/05/16 v1.3 Wrapper for package hooks (HO)
Package: xcolor-patch 2016/05/16 xcolor patch
Package: atveryend 2016/05/16 v1.9 Hooks at the very end of document (HO)
Package atveryend Info: \enddocument detected (standard20110627).
Package: atbegshi 2016/05/16 v1.17 At begin shipout hook (HO)
Package: refcount 2016/05/16 v3.5 Data extraction from label references (HO)
Package: hycolor 2016/05/16 v1.8 Color options for hyperref/bookmark (HO)
)
(/usr/local/texlive/2016/texmf-dist/tex/generic/ifxetex/ifxetex.sty
Package: ifxetex 2010/09/12 v0.6 Provides ifxetex conditional
)
(/usr/local/texlive/2016/texmf-dist/tex/latex/oberdiek/auxhook.sty
Package: auxhook 2016/05/16 v1.4 Hooks for auxiliary files (HO)
)
\@linkdim=\dimen145
\Hy@linkcounter=\count121
\Hy@pagecounter=\count122

(/usr/local/texlive/2016/texmf-dist/tex/latex/hyperref/pd1enc.def
File: pd1enc.def 2016/05/05 v6.83n Hyperref: PDFDocEncoding definition (HO)
)
\Hy@SavedSpaceFactor=\count123

(/usr/local/texlive/2016/texmf-dist/tex/latex/latexconfig/hyperref.cfg
File: hyperref.cfg 2002/06/06 v1.2 hyperref configuration of TeXLive
)
Package hyperref Info: Option `bookmarks' set `true' on input line 4322.
Package hyperref Info: Option `bookmarksopen' set `true' on input line 4322.
Package hyperref Info: Option `bookmarksnumbered' set `true' on input line 4322
.
Package hyperref Info: Option `hypertexnames' set `false' on input line 4322.
Package hyperref Info: Option `colorlinks' set `true' on input line 4322.
Package hyperref Info: Option `unicode' set `true' on input line 4322.

(/usr/local/texlive/2016/texmf-dist/tex/latex/hyperref/puenc.def
File: puenc.def 2016/05/05 v6.83n Hyperref: PDF Unicode definition (HO)
)
Package hyperref Info: Option `breaklinks' set `true' on input line 4322.
Package hyperref Info: Hyper figures OFF on input line 4446.
Package hyperref Info: Link nesting OFF on input line 4451.
Package hyperref Info: Hyper index ON on input line 4454.
Package hyperref Info: Plain pages OFF on input line 4461.
Package hyperref Info: Backreferencing OFF on input line 4466.
Package hyperref Info: Implicit mode ON; LaTeX internals redefined.
Package hyperref Info: Bookmarks ON on input line 4691.
\c@Hy@tempcnt=\count124

(/usr/local/texlive/2016/texmf-dist/tex/latex/url/url.sty
\Urlmuskip=\muskip11
Package: url 2013/09/16  ver 3.4  Verb mode for urls, etc.
)
LaTeX Info: Redefining \url on input line 5044.
\XeTeXLinkMargin=\dimen146
\Fld@menulength=\count125
\Field@Width=\dimen147
\Fld@charsize=\dimen148
Package hyperref Info: Hyper figures OFF on input line 6298.
Package hyperref Info: Link nesting OFF on input line 6303.
Package hyperref Info: Hyper index ON on input line 6306.
Package hyperref Info: backreferencing OFF on input line 6313.
Package hyperref Info: Link coloring ON on input line 6316.
Package hyperref Info: Link coloring with OCG OFF on input line 6323.
Package hyperref Info: PDF/A mode OFF on input line 6328.
LaTeX Info: Redefining \ref on input line 6368.
LaTeX Info: Redefining \pageref on input line 6372.
\Hy@abspage=\count126
\c@Item=\count127
\c@Hfootnote=\count128
)

Package hyperref Message: Driver (autodetected): hpdftex.

(/usr/local/texlive/2016/texmf-dist/tex/latex/hyperref/hpdftex.def
File: hpdftex.def 2016/05/05 v6.83n Hyperref driver for pdfTeX
\Fld@listcount=\count129
\c@bookmark@seq@number=\count130

(/usr/local/texlive/2016/texmf-dist/tex/latex/oberdiek/rerunfilecheck.sty
Package: rerunfilecheck 2016/05/16 v1.8 Rerun checks for auxiliary files (HO)
Package uniquecounter Info: New unique counter `rerunfilecheck' on input line 2
82.
)
\Hy@SectionHShift=\skip66
)
\c@dummy=\count131

(/usr/local/texlive/2016/texmf-dist/tex/latex/tools/longtable.sty
Package: longtable 2014/10/28 v4.11 Multi-page Table package (DPC)
\LTleft=\skip67
\LTright=\skip68
\LTpre=\skip69
\LTpost=\skip70
\LTchunksize=\count132
\LTcapwidth=\dimen149
\LT@head=\box31
\LT@firsthead=\box32
\LT@foot=\box33
\LT@lastfoot=\box34
\LT@cols=\count133
\LT@rows=\count134
\c@LT@tables=\count135
\c@LT@chunks=\count136
\LT@p@ftn=\toks29
))
(/usr/local/texlive/2016/texmf-dist/tex/latex/xcolor/xcolor.sty
Package: xcolor 2016/05/11 v2.12 LaTeX color extensions (UK)

(/usr/local/texlive/2016/texmf-dist/tex/latex/graphics-cfg/color.cfg
File: color.cfg 2016/01/02 v1.6 sample color configuration
)
Package xcolor Info: Driver file: pdftex.def on input line 225.

(/usr/local/texlive/2016/texmf-dist/tex/latex/colortbl/colortbl.sty
Package: colortbl 2012/02/13 v1.0a Color table columns (DPC)

(/usr/local/texlive/2016/texmf-dist/tex/latex/tools/array.sty
Package: array 2014/10/28 v2.4c Tabular extension package (FMi)
\col@sep=\dimen150
\extrarowheight=\dimen151
\NC@list=\toks30
\extratabsurround=\skip71
\backup@length=\skip72
)
\everycr=\toks31
\minrowclearance=\skip73
)
\rownum=\count137
Package xcolor Info: Model `cmy' substituted by `cmy0' on input line 1348.
Package xcolor Info: Model `hsb' substituted by `rgb' on input line 1352.
Package xcolor Info: Model `RGB' extended on input line 1364.
Package xcolor Info: Model `HTML' substituted by `rgb' on input line 1366.
Package xcolor Info: Model `Hsb' substituted by `hsb' on input line 1367.
Package xcolor Info: Model `tHsb' substituted by `hsb' on input line 1368.
Package xcolor Info: Model `HSB' substituted by `hsb' on input line 1369.
Package xcolor Info: Model `Gray' substituted by `gray' on input line 1370.
Package xcolor Info: Model `wave' substituted by `hsb' on input line 1371.
)
(/usr/local/texlive/2016/texmf-dist/tex/latex/natbib/natbib.sty
Package: natbib 2010/09/13 8.31b (PWD, AO)
\bibhang=\skip74
\bibsep=\skip75
LaTeX Info: Redefining \cite on input line 694.
\c@NAT@ctr=\count138
)
(/usr/local/texlive/2016/texmf-dist/tex/latex/tools/verbatim.sty
Package: verbatim 2014/10/28 v1.5q LaTeX2e package for verbatim enhancements
\every@verbatim=\toks32
\verbatim@line=\toks33
\verbatim@in@stream=\read1
) (./vector.sty
Package: vector 1994/09/16 v1.0 vector macros for LaTeX2e (nde)
(/usr/local/texlive/2016/texmf-dist/tex/latex/tools/calc.sty
Package: calc 2014/10/28 v4.3 Infix arithmetic (KKT,FJ)
\calc@Acount=\count139
\calc@Bcount=\count140
\calc@Adimen=\dimen152
\calc@Bdimen=\dimen153
\calc@Askip=\skip76
\calc@Bskip=\skip77
LaTeX Info: Redefining \setlength on input line 80.
LaTeX Info: Redefining \addtolength on input line 81.
\calc@Ccount=\count141
\calc@Cskip=\skip78
)
\c@vec@elem=\count142
)
Package hyperref Info: Option `colorlinks' set `true' on input line 14.

(/usr/local/texlive/2016/texmf-dist/tex/latex/tex-gyre/tgcursor.sty
Package: tgcursor 2009/09/10 v1.2 TeX Gyre Cursor as default typewriter family
)
(/usr/local/texlive/2016/texmf-dist/tex/latex/romannum/romannum.sty
Package: romannum 2009/09/03 v1.0b roman numerals

(/usr/local/texlive/2016/texmf-dist/tex/latex/stdclsdv/stdclsdv.sty
Package: stdclsdv 2009/09/04 v1.1a Sectional divisions
))
(/usr/local/texlive/2016/texmf-dist/tex/latex/pdfpages/pdfpages.sty
Package: pdfpages 2016/04/19 v0.5f Insert pages of external PDF documents (AM)

(/usr/local/texlive/2016/texmf-dist/tex/latex/eso-pic/eso-pic.sty
Package: eso-pic 2015/07/21 v2.0g eso-pic (RN)
)
\AM@pagewidth=\dimen154
\AM@pageheight=\dimen155

(/usr/local/texlive/2016/texmf-dist/tex/latex/pdfpages/pppdftex.def
File: pppdftex.def 2016/04/19 v0.5f Pdfpages driver for pdfTeX (AM)
)
\AM@pagebox=\box35
\AM@global@opts=\toks34
\AM@toc@title=\toks35
\c@AM@survey=\count143
\AM@templatesizebox=\box36
)
(/usr/local/texlive/2016/texmf-dist/tex/latex/base/textcomp.sty
Package: textcomp 2005/09/27 v1.99g Standard LaTeX package
Package textcomp Info: Sub-encoding information:
(textcomp)               5 = only ISO-Adobe without \textcurrency
(textcomp)               4 = 5 + \texteuro
(textcomp)               3 = 4 + \textohm
(textcomp)               2 = 3 + \textestimated + \textcurrency
(textcomp)               1 = TS1 - \textcircled - \t
(textcomp)               0 = TS1 (full)
(textcomp)             Font families with sub-encoding setting implement
(textcomp)             only a restricted character set as indicated.
(textcomp)             Family '?' is the default used for unknown fonts.
(textcomp)             See the documentation for details.
Package textcomp Info: Setting ? sub-encoding to TS1/1 on input line 79.

(/usr/local/texlive/2016/texmf-dist/tex/latex/base/ts1enc.def
File: ts1enc.def 2001/06/05 v3.0e (jk/car/fm) Standard LaTeX file
)
LaTeX Info: Redefining \oldstylenums on input line 334.
Package textcomp Info: Setting cmr sub-encoding to TS1/0 on input line 349.
Package textcomp Info: Setting cmss sub-encoding to TS1/0 on input line 350.
Package textcomp Info: Setting cmtt sub-encoding to TS1/0 on input line 351.
Package textcomp Info: Setting cmvtt sub-encoding to TS1/0 on input line 352.
Package textcomp Info: Setting cmbr sub-encoding to TS1/0 on input line 353.
Package textcomp Info: Setting cmtl sub-encoding to TS1/0 on input line 354.
Package textcomp Info: Setting ccr sub-encoding to TS1/0 on input line 355.
Package textcomp Info: Setting ptm sub-encoding to TS1/4 on input line 356.
Package textcomp Info: Setting pcr sub-encoding to TS1/4 on input line 357.
Package textcomp Info: Setting phv sub-encoding to TS1/4 on input line 358.
Package textcomp Info: Setting ppl sub-encoding to TS1/3 on input line 359.
Package textcomp Info: Setting pag sub-encoding to TS1/4 on input line 360.
Package textcomp Info: Setting pbk sub-encoding to TS1/4 on input line 361.
Package textcomp Info: Setting pnc sub-encoding to TS1/4 on input line 362.
Package textcomp Info: Setting pzc sub-encoding to TS1/4 on input line 363.
Package textcomp Info: Setting bch sub-encoding to TS1/4 on input line 364.
Package textcomp Info: Setting put sub-encoding to TS1/5 on input line 365.
Package textcomp Info: Setting uag sub-encoding to TS1/5 on input line 366.
Package textcomp Info: Setting ugq sub-encoding to TS1/5 on input line 367.
Package textcomp Info: Setting ul8 sub-encoding to TS1/4 on input line 368.
Package textcomp Info: Setting ul9 sub-encoding to TS1/4 on input line 369.
Package textcomp Info: Setting augie sub-encoding to TS1/5 on input line 370.
Package textcomp Info: Setting dayrom sub-encoding to TS1/3 on input line 371.
Package textcomp Info: Setting dayroms sub-encoding to TS1/3 on input line 372.

Package textcomp Info: Setting pxr sub-encoding to TS1/0 on input line 373.
Package textcomp Info: Setting pxss sub-encoding to TS1/0 on input line 374.
Package textcomp Info: Setting pxtt sub-encoding to TS1/0 on input line 375.
Package textcomp Info: Setting txr sub-encoding to TS1/0 on input line 376.
Package textcomp Info: Setting txss sub-encoding to TS1/0 on input line 377.
Package textcomp Info: Setting txtt sub-encoding to TS1/0 on input line 378.
Package textcomp Info: Setting lmr sub-encoding to TS1/0 on input line 379.
Package textcomp Info: Setting lmdh sub-encoding to TS1/0 on input line 380.
Package textcomp Info: Setting lmss sub-encoding to TS1/0 on input line 381.
Package textcomp Info: Setting lmssq sub-encoding to TS1/0 on input line 382.
Package textcomp Info: Setting lmvtt sub-encoding to TS1/0 on input line 383.
Package textcomp Info: Setting lmtt sub-encoding to TS1/0 on input line 384.
Package textcomp Info: Setting qhv sub-encoding to TS1/0 on input line 385.
Package textcomp Info: Setting qag sub-encoding to TS1/0 on input line 386.
Package textcomp Info: Setting qbk sub-encoding to TS1/0 on input line 387.
Package textcomp Info: Setting qcr sub-encoding to TS1/0 on input line 388.
Package textcomp Info: Setting qcs sub-encoding to TS1/0 on input line 389.
Package textcomp Info: Setting qpl sub-encoding to TS1/0 on input line 390.
Package textcomp Info: Setting qtm sub-encoding to TS1/0 on input line 391.
Package textcomp Info: Setting qzc sub-encoding to TS1/0 on input line 392.
Package textcomp Info: Setting qhvc sub-encoding to TS1/0 on input line 393.
Package textcomp Info: Setting futs sub-encoding to TS1/4 on input line 394.
Package textcomp Info: Setting futx sub-encoding to TS1/4 on input line 395.
Package textcomp Info: Setting futj sub-encoding to TS1/4 on input line 396.
Package textcomp Info: Setting hlh sub-encoding to TS1/3 on input line 397.
Package textcomp Info: Setting hls sub-encoding to TS1/3 on input line 398.
Package textcomp Info: Setting hlst sub-encoding to TS1/3 on input line 399.
Package textcomp Info: Setting hlct sub-encoding to TS1/5 on input line 400.
Package textcomp Info: Setting hlx sub-encoding to TS1/5 on input line 401.
Package textcomp Info: Setting hlce sub-encoding to TS1/5 on input line 402.
Package textcomp Info: Setting hlcn sub-encoding to TS1/5 on input line 403.
Package textcomp Info: Setting hlcw sub-encoding to TS1/5 on input line 404.
Package textcomp Info: Setting hlcf sub-encoding to TS1/5 on input line 405.
Package textcomp Info: Setting pplx sub-encoding to TS1/3 on input line 406.
Package textcomp Info: Setting pplj sub-encoding to TS1/3 on input line 407.
Package textcomp Info: Setting ptmx sub-encoding to TS1/4 on input line 408.
Package textcomp Info: Setting ptmj sub-encoding to TS1/4 on input line 409.
) (./Thesis.aux
(./Appendices/Appendix.aux) (./Appendices/AppendixA.aux)
(./Appendices/AppendixB.aux))
\openout1 = `Thesis.aux'.

LaTeX Font Info:    Checking defaults for OML/cmm/m/it on input line 23.
LaTeX Font Info:    ... okay on input line 23.
LaTeX Font Info:    Checking defaults for T1/cmr/m/n on input line 23.
LaTeX Font Info:    ... okay on input line 23.
LaTeX Font Info:    Checking defaults for OT1/cmr/m/n on input line 23.
LaTeX Font Info:    ... okay on input line 23.
LaTeX Font Info:    Checking defaults for OMS/cmsy/m/n on input line 23.
LaTeX Font Info:    ... okay on input line 23.
LaTeX Font Info:    Checking defaults for OMX/cmex/m/n on input line 23.
LaTeX Font Info:    ... okay on input line 23.
LaTeX Font Info:    Checking defaults for U/cmr/m/n on input line 23.
LaTeX Font Info:    ... okay on input line 23.
LaTeX Font Info:    Checking defaults for PD1/pdf/m/n on input line 23.
LaTeX Font Info:    ... okay on input line 23.
LaTeX Font Info:    Checking defaults for PU/pdf/m/n on input line 23.
LaTeX Font Info:    ... okay on input line 23.
LaTeX Font Info:    Checking defaults for TS1/cmr/m/n on input line 23.
LaTeX Font Info:    Try loading font information for TS1+cmr on input line 23.

(/usr/local/texlive/2016/texmf-dist/tex/latex/base/ts1cmr.fd
File: ts1cmr.fd 2014/09/29 v2.5h Standard LaTeX font definitions
)
LaTeX Font Info:    ... okay on input line 23.
Package caption Info: Begin \AtBeginDocument code.
Package caption Info: hyperref package is loaded.
Package caption Info: listings package is loaded.
Package caption Info: longtable package is loaded.

(/usr/local/texlive/2016/texmf-dist/tex/latex/caption/ltcaption.sty
Package: ltcaption 2013/06/09 v1.4-94 longtable captions (AR)
)
Package caption Info: rotating package is loaded.
Package caption Info: subfigure package is loaded.
Package caption Info: End \AtBeginDocument code.

(/usr/local/texlive/2016/texmf-dist/tex/context/base/mkii/supp-pdf.mkii
[Loading MPS to PDF converter (version 2006.09.02).]
\scratchcounter=\count144
\scratchdimen=\dimen156
\scratchbox=\box37
\nofMPsegments=\count145
\nofMParguments=\count146
\everyMPshowfont=\toks36
\MPscratchCnt=\count147
\MPscratchDim=\dimen157
\MPnumerator=\count148
\makeMPintoPDFobject=\count149
\everyMPtoPDFconversion=\toks37
)
\c@lstlisting=\count150
\AtBeginShipoutBox=\box38
Package hyperref Info: Link coloring ON on input line 23.
 (/usr/local/texlive/2016/texmf-dist/tex/latex/hyperref/nameref.sty
Package: nameref 2012/10/27 v2.43 Cross-referencing by name of section

(/usr/local/texlive/2016/texmf-dist/tex/generic/oberdiek/gettitlestring.sty
Package: gettitlestring 2016/05/16 v1.5 Cleanup title references (HO)
)
\c@section@level=\count151
)
LaTeX Info: Redefining \ref on input line 23.
LaTeX Info: Redefining \pageref on input line 23.
LaTeX Info: Redefining \nameref on input line 23.

(./Thesis.out) (./Thesis.out)
\@outlinefile=\write3
\openout3 = `Thesis.out'.


(/usr/local/texlive/2016/texmf-dist/tex/latex/oberdiek/pdflscape.sty
Package: pdflscape 2016/05/14 v0.11 Display of landscape pages in PDF (HO)

(/usr/local/texlive/2016/texmf-dist/tex/latex/graphics/lscape.sty
Package: lscape 2000/10/22 v3.01 Landscape Pages (DPC)
)
Package pdflscape Info: Auto-detected driver: pdftex on input line 81.
)
------------------------------------------------------------------------------
 Title Page
------------------------------------------------------------------------------
[1



{/usr/local/texlive/2016/texmf-var/fonts/map/pdftex/updmap/pdftex.map}]
------------------------------------------------------------------------------
 Declaration of Authorship
------------------------------------------------------------------------------
LaTeX Font Info:    Try loading font information for U+msa on input line 78.
(/usr/local/texlive/2016/texmf-dist/tex/latex/amsfonts/umsa.fd
File: umsa.fd 2013/01/14 v3.01 AMS symbols A
)
LaTeX Font Info:    Try loading font information for U+msb on input line 78.

(/usr/local/texlive/2016/texmf-dist/tex/latex/amsfonts/umsb.fd
File: umsb.fd 2013/01/14 v3.01 AMS symbols B
)
Underfull \hbox (badness 10000) in paragraph at lines 78--78

 []

[1

] [2

]
------------------------------------------------------------------------------
 Abstract Page
------------------------------------------------------------------------------
[3

]
------------------------------------------------------------------------------
 Acknowledgements
------------------------------------------------------------------------------
[4

]
------------------------------------------------------------------------------
 Table of Contents
------------------------------------------------------------------------------
(./Thesis.toc [5


])
\tf@toc=\write4
\openout4 = `Thesis.toc'.

 [6]
------------------------------------------------------------------------------
 List of Figures
------------------------------------------------------------------------------
(./Thesis.lof)
\tf@lof=\write5
\openout5 = `Thesis.lof'.

 [7


]
------------------------------------------------------------------------------
 List of Tables
------------------------------------------------------------------------------
(./Thesis.lot)
\tf@lot=\write6
\openout6 = `Thesis.lot'.

 [8


]
------------------------------------------------------------------------------
 Abbreviations
------------------------------------------------------------------------------
[9



] (./Chapters/Chapter1.tex
Chapter 1.
------------------------------------------------------------------------------
 1 Introduction
------------------------------------------------------------------------------
[1



] [2] <images/blockjam.jpg, id=350, 803.0pt x 602.25pt>
File: images/blockjam.jpg Graphic file (type jpg)

<use images/blockjam.jpg>
Package pdftex.def Info: images/blockjam.jpg used on input line 38.
(pdftex.def)             Requested size: 341.43306pt x 256.07692pt.
 [3 <./images/blockjam.jpg>]) (./Chapters/Chapter2.tex [4]
Chapter 2.
------------------------------------------------------------------------------
 2 Literature Review
------------------------------------------------------------------------------
[5

] [6] [7] [8]) (./Chapters/Chapter3.tex
Chapter 3.
------------------------------------------------------------------------------
 3 Study 1: Classification of music sequencer
------------------------------------------------------------------------------

LaTeX Warning: Reference `sec: result' on page 9 undefined on input line 7.

[9


] <images/Beatwave.PNG, id=485, 2055.68pt x 1541.76pt>
File: images/Beatwave.PNG Graphic file (type png)

<use images/Beatwave.PNG>
Package pdftex.def Info: images/Beatwave.PNG used on input line 29.
(pdftex.def)             Requested size: 341.43306pt x 256.07324pt.


LaTeX Warning: `h' float specifier changed to `ht'.

<images/SoundZen.PNG, id=487, 2055.68pt x 1541.76pt>
File: images/SoundZen.PNG Graphic file (type png)
 <use images/SoundZen.PNG>
Package pdftex.def Info: images/SoundZen.PNG used on input line 40.
(pdftex.def)             Requested size: 341.43306pt x 256.07324pt.


LaTeX Warning: `h' float specifier changed to `ht'.

[10] [11 <./images/Beatwave.PNG> <./images/SoundZen.PNG>]
<images/CSketch_Lite.PNG, id=500, 2055.68pt x 1541.76pt>
File: images/CSketch_Lite.PNG Graphic file (type png)

<use images/CSketch_Lite.PNG>
Package pdftex.def Info: images/CSketch_Lite.PNG used on input line 55.
(pdftex.def)             Requested size: 341.43306pt x 256.07324pt.
Missing character: There is no Ã in font cmr10!
Missing character: There is no ¨ in font cmr10!
 [12 <./images/CSketch_Lite.PNG>]
<images/Orbita.PNG, id=511, 2055.68pt x 1541.76pt>
File: images/Orbita.PNG Graphic file (type png)
 <use images/Orbita.PNG>
Package pdftex.def Info: images/Orbita.PNG used on input line 68.
(pdftex.def)             Requested size: 341.43306pt x 256.07324pt.

[13 <./images/Orbita.PNG>] <images/Volotic.PNG, id=522, 2055.68pt x 1541.76pt>
File: images/Volotic.PNG Graphic file (type png)

<use images/Volotic.PNG>
Package pdftex.def Info: images/Volotic.PNG used on input line 81.
(pdftex.def)             Requested size: 341.43306pt x 256.07324pt.
 [14 <./images/Volotic.PNG>]
<images/Novel.png, id=531, 1094.0875pt x 1078.0275pt>
File: images/Novel.png Graphic file (type png)
 <use images/Novel.png>
Package pdftex.def Info: images/Novel.png used on input line 103.
(pdftex.def)             Requested size: 208.73653pt x 205.66626pt.

<images/Traditional1.png, id=533, 1097.09875pt x 1090.0725pt>
File: images/Traditional1.png Graphic file (type png)

<use images/Traditional1.png>
Package pdftex.def Info: images/Traditional1.png used on input line 114.
(pdftex.def)             Requested size: 208.73653pt x 207.39868pt.

<images/Traditional2.png, id=534, 1092.08pt x 1092.08pt>
File: images/Traditional2.png Graphic file (type png)

<use images/Traditional2.png>
Package pdftex.def Info: images/Traditional2.png used on input line 115.
(pdftex.def)             Requested size: 208.73653pt x 208.73047pt.

Overfull \hbox (2.43332pt too wide) in paragraph at lines 114--116
[][] [] 
 []


LaTeX Warning: `h' float specifier changed to `ht'.

[15 <./images/Novel.png>]
<images/Multi-track2.png, id=541, 1095.09125pt x 1081.03876pt>
File: images/Multi-track2.png Graphic file (type png)

<use images/Multi-track2.png>
Package pdftex.def Info: images/Multi-track2.png used on input line 125.
(pdftex.def)             Requested size: 210.82593pt x 208.12122pt.

<images/Multi-track1.png, id=542, 1092.08pt x 1099.10625pt>
File: images/Multi-track1.png Graphic file (type png)

<use images/Multi-track1.png>
Package pdftex.def Info: images/Multi-track1.png used on input line 126.
(pdftex.def)             Requested size: 206.64713pt x 207.97704pt.

Overfull \hbox (2.43332pt too wide) in paragraph at lines 125--127
[][] [] 
 []

[16 <./images/Traditional1.png> <./images/Traditional2.png> <./images/Multi-tra
ck2.png> <./images/Multi-track1.png>]) (./Chapters/Chapter4.tex
Chapter 4.
------------------------------------------------------------------------------
 4 Study 2: User Study
------------------------------------------------------------------------------
[17


]
Overfull \hbox (2.39487pt too wide) in paragraph at lines 28--29
[]|\OT1/cmr/m/n/10.95 6.25| 
 []


Overfull \hbox (2.39487pt too wide) in paragraph at lines 29--30
[]|\OT1/cmr/m/n/10.95 6.08| 
 []


Overfull \hbox (2.39487pt too wide) in paragraph at lines 30--31
[]|\OT1/cmr/m/n/10.95 6.06| 
 []


Overfull \hbox (2.39487pt too wide) in paragraph at lines 32--33
[]|\OT1/cmr/m/n/10.95 6.23| 
 []


Overfull \hbox (2.39487pt too wide) in paragraph at lines 33--34
[]|\OT1/cmr/m/n/10.95 6.04| 
 []


Overfull \hbox (2.39487pt too wide) in paragraph at lines 34--35
[]|\OT1/cmr/m/n/10.95 5.98| 
 []


Overfull \hbox (2.39487pt too wide) in paragraph at lines 35--36
[]|\OT1/cmr/m/n/10.95 5.79| 
 []


Overfull \hbox (2.39487pt too wide) in paragraph at lines 36--37
[]|\OT1/cmr/m/n/10.95 5.85| 
 []


Overfull \hbox (2.20476pt too wide) in paragraph at lines 38--38
[]|\OT1/cmr/m/n/10.95 PSSQA| 
 []


Overfull \hbox (2.39487pt too wide) in paragraph at lines 38--39
[]|\OT1/cmr/m/n/10.95 6.21| 
 []


Overfull \hbox (2.39487pt too wide) in paragraph at lines 39--40
[]|\OT1/cmr/m/n/10.95 6.02| 
 []


Overfull \hbox (16.63908pt too wide) in paragraph at lines 23--42
[][] 
 []

[18] <images/Participant.jpg, id=563, 3035.34pt x 4047.12pt>
File: images/Participant.jpg Graphic file (type jpg)

<use images/Participant.jpg>
Package pdftex.def Info: images/Participant.jpg used on input line 54.
(pdftex.def)             Requested size: 170.71652pt x 227.56348pt.

<images/Participant2.jpg, id=564, 3035.34pt x 4047.12pt>
File: images/Participant2.jpg Graphic file (type jpg)

<use images/Participant2.jpg>
Package pdftex.def Info: images/Participant2.jpg used on input line 55.
(pdftex.def)             Requested size: 170.71652pt x 227.56348pt.
 [19 <./images/Participant.jpg> <./images/Participant2.jpg>] [20] <images/Beatw
ave.pdf, id=579, 1011.78pt x 433.62pt>
File: images/Beatwave.pdf Graphic file (type pdf)

<use images/Beatwave.pdf>
Package pdftex.def Info: images/Beatwave.pdf used on input line 88.
(pdftex.def)             Requested size: 417.47307pt x 178.91676pt.
 <images/Volotic.pdf, id=580, 1011.78pt x 433.62pt>
File: images/Volotic.pdf Graphic file (type pdf)

<use images/Volotic.pdf>
Package pdftex.def Info: images/Volotic.pdf used on input line 89.
(pdftex.def)             Requested size: 417.47307pt x 178.91676pt.
 <images/SAMMI.pdf, id=581, 1011.78pt x 433.62pt>
File: images/SAMMI.pdf Graphic file (type pdf)

<use images/SAMMI.pdf>
Package pdftex.def Info: images/SAMMI.pdf used on input line 90.
(pdftex.def)             Requested size: 417.47307pt x 178.91676pt.

Underfull \hbox (badness 1210) in paragraph at lines 105--105
[]|$\OMS/cmsy/m/n/10.95 ^^O$ \OT1/cmr/m/n/10.95 don't have too
 []


Underfull \hbox (badness 1394) in paragraph at lines 113--113
\OT1/cmr/m/n/10.95 with with an in-
 []


Underfull \hbox (badness 10000) in paragraph at lines 113--114
[]|$\OMS/cmsy/m/n/10.95 ^^O$ \OT1/cmr/m/n/10.95 the in-ter-face
 []

[21 <./images/Beatwave.pdf> <./images/Volotic.pdf> <./images/SAMMI.pdf>]
Underfull \hbox (badness 10000) in paragraph at lines 156--157
[]|\OT1/cmr/m/n/10.95 adjusted
 []


LaTeX Warning: Reference `fig: EFP' on page 22 undefined on input line 177.

[22] [23]) (./Chapters/Chapter5.tex
Chapter 5.
------------------------------------------------------------------------------
 5 Conclusion
------------------------------------------------------------------------------
[24


] [25])
\openout2 = `Appendices/Appendix.aux'.

 (./Appendices/Appendix.tex
Appendix A.
------------------------------------------------------------------------------
 A Independent Study Contract
------------------------------------------------------------------------------
<images/IndependentStudyContract1.pdf, id=632, 597.50786pt x 845.04686pt>
File: images/IndependentStudyContract1.pdf Graphic file (type pdf)

<use images/IndependentStudyContract1.pdf>
Package pdftex.def Info: images/IndependentStudyContract1.pdf used on input lin
e 4.
(pdftex.def)             Requested size: 417.47307pt x 590.41986pt.
 [26



]
Overfull \vbox (89.02827pt too high) has occurred while \output is active []


[27 <./images/IndependentStudyContract1.pdf>]
<images/IndependentStudyContract2.pdf, id=685, 597.50786pt x 845.04686pt>
File: images/IndependentStudyContract2.pdf Graphic file (type pdf)

<use images/IndependentStudyContract2.pdf>
Package pdftex.def Info: images/IndependentStudyContract2.pdf used on input lin
e 7.
(pdftex.def)             Requested size: 417.47307pt x 590.41986pt.
) [28 <./images/IndependentStudyContract2.pdf>]
\openout2 = `Appendices/AppendixA.aux'.

 (./Appendices/AppendixA.tex
Appendix B.
------------------------------------------------------------------------------
 B App Store Music Sequencer Applications
------------------------------------------------------------------------------

Underfull \hbox (badness 10000) in paragraph at lines 10--10
[]|\OT1/cmr/m/n/10.95 Application
 []

LaTeX Font Info:    Try loading font information for OT1+qcr on input line 12.
(/usr/local/texlive/2016/texmf-dist/tex/latex/tex-gyre/ot1qcr.fd
File: ot1qcr.fd 2009/09/25 v1.2 font definition file for OT1/qcr
)
Underfull \hbox (badness 10000) in paragraph at lines 12--13
[]|[][]$\OT1/qcr/m/n/10.95 <[]https :
 []


Underfull \hbox (badness 10000) in paragraph at lines 12--13
\OT1/qcr/m/n/10.95 / / appsto . re /
 []


Underfull \hbox (badness 10000) in paragraph at lines 15--16
[]|[][]$\OT1/qcr/m/n/10.95 https : / / appsto .
 []


Underfull \hbox (badness 10000) in paragraph at lines 18--19
[]|[][]$\OT1/qcr/m/n/10.95 https : / / appsto .
 []


Underfull \hbox (badness 10000) in paragraph at lines 21--22
[]|[][]$\OT1/qcr/m/n/10.95 https : / / appsto .
 []


Underfull \hbox (badness 10000) in paragraph at lines 24--25
[]|[][]$\OT1/qcr/m/n/10.95 https : / / appsto .
 []


Underfull \hbox (badness 10000) in paragraph at lines 27--28
[]|[][]$\OT1/qcr/m/n/10.95 https : / / appsto .
 []


Underfull \hbox (badness 10000) in paragraph at lines 29--29
[]|\OT1/cmr/m/n/10.95 Music Strobe
 []


Underfull \hbox (badness 10000) in paragraph at lines 30--31
[]|[][]$\OT1/qcr/m/n/10.95 https : / / appsto .
 []


Underfull \hbox (badness 10000) in paragraph at lines 33--34
[]|[][]$\OT1/qcr/m/n/10.95 https : / / appsto .
 []


Underfull \hbox (badness 10000) in paragraph at lines 36--37
[]|[][]$\OT1/qcr/m/n/10.95 https : / / appsto .
 []


Overfull \hbox (21.43907pt too wide) in paragraph at lines 6--41
[]
 []


Underfull \hbox (badness 10000) in paragraph at lines 6--41

 []

[29



]
Overfull \vbox (46.22346pt too high) has occurred while \output is active []


[30]
Underfull \hbox (badness 10000) in paragraph at lines 52--52
[]|\OT1/cmr/m/n/10.95 Application
 []


Underfull \hbox (badness 2717) in paragraph at lines 55--55
[]|\OT1/cmr/m/n/10.95 make groove beats
 []


Underfull \hbox (badness 10000) in paragraph at lines 56--57
[]|[][]$\OT1/qcr/m/n/10.95 https : / / appsto .
 []


Underfull \hbox (badness 10000) in paragraph at lines 59--60
[]|[][]$\OT1/qcr/m/n/10.95 https : / / appsto .
 []


Underfull \hbox (badness 10000) in paragraph at lines 61--61
[]|\OT1/cmr/m/n/10.95 Amazing mu-sic
 []


Underfull \hbox (badness 10000) in paragraph at lines 62--63
[]|[][]$\OT1/qcr/m/n/10.95 https : / / appsto .
 []


Underfull \hbox (badness 1052) in paragraph at lines 64--64
[]|\OT1/cmr/m/n/10.95 Drum Pads Ma-
 []


Underfull \hbox (badness 10000) in paragraph at lines 65--66
[]|[][]$\OT1/qcr/m/n/10.95 https : / / appsto .
 []


Underfull \hbox (badness 1052) in paragraph at lines 67--67
[]|\OT1/cmr/m/n/10.95 Drum Pads Ma-
 []


Underfull \hbox (badness 10000) in paragraph at lines 68--69
[]|[][]$\OT1/qcr/m/n/10.95 https : / / appsto .
 []


Underfull \hbox (badness 10000) in paragraph at lines 71--72
[]|[][]$\OT1/qcr/m/n/10.95 https : / / appsto .
 []


Underfull \hbox (badness 1824) in paragraph at lines 73--73
[]|\OT1/cmr/m/n/10.95 Music Maker Loop
 []


Underfull \hbox (badness 10000) in paragraph at lines 74--75
[]|[][]$\OT1/qcr/m/n/10.95 https : / / appsto .
 []


Underfull \hbox (badness 10000) in paragraph at lines 76--76
[]|\OT1/cmr/m/n/10.95 Electronic Mu-sic
 []


Underfull \hbox (badness 10000) in paragraph at lines 77--78
[]|[][]$\OT1/qcr/m/n/10.95 https : / / appsto .
 []


Underfull \hbox (badness 10000) in paragraph at lines 80--81
[]|[][]$\OT1/qcr/m/n/10.95 https : / / appsto .
 []


Underfull \hbox (badness 10000) in paragraph at lines 83--84
[]|[][]$\OT1/qcr/m/n/10.95 https : / / appsto .
 []


Underfull \hbox (badness 10000) in paragraph at lines 86--87
[]|[][]$\OT1/qcr/m/n/10.95 https : / / appsto .
 []


Underfull \hbox (badness 10000) in paragraph at lines 89--90
[]|[][]$\OT1/qcr/m/n/10.95 https : / / appsto .
 []


Underfull \hbox (badness 10000) in paragraph at lines 91--91
[]|\OT1/cmr/m/n/10.95 Steve Re-ich's
 []


Underfull \hbox (badness 10000) in paragraph at lines 91--91
[]|\OT1/cmr/m/n/10.95 Improve Your
 []


Underfull \hbox (badness 10000) in paragraph at lines 92--93
[]|[][]$\OT1/qcr/m/n/10.95 https : / / appsto .
 []


Underfull \hbox (badness 10000) in paragraph at lines 95--96
[]|[][]$\OT1/qcr/m/n/10.95 https : / / appsto .
 []


Underfull \hbox (badness 10000) in paragraph at lines 98--99
[]|[][]$\OT1/qcr/m/n/10.95 https : / / appsto .
 []


Underfull \hbox (badness 10000) in paragraph at lines 100--100
[]|\OT1/cmr/m/n/10.95 Loop-based Mu-sic
 []


Underfull \hbox (badness 10000) in paragraph at lines 101--102
[]|[][]$\OT1/qcr/m/n/10.95 https : / / appsto .
 []


Overfull \hbox (21.43907pt too wide) in paragraph at lines 48--105
[][] 
 []


Overfull \vbox (25.12694pt too high) has occurred while \output is active []


[31]
Underfull \hbox (badness 10000) in paragraph at lines 116--116
[]|\OT1/cmr/m/n/10.95 Application
 []


Underfull \hbox (badness 10000) in paragraph at lines 119--119
[]|\OT1/cmr/m/n/10.95 Dubstep Song
 []


Underfull \hbox (badness 10000) in paragraph at lines 120--121
[]|[][]$\OT1/qcr/m/n/10.95 https : / / appsto .
 []


Underfull \hbox (badness 10000) in paragraph at lines 122--122
[]|\OT1/cmr/m/n/10.95 Dubstep Filth
 []


Underfull \hbox (badness 3118) in paragraph at lines 122--122
[]|\OT1/cmr/m/n/10.95 Sampler and Loop
 []


Underfull \hbox (badness 10000) in paragraph at lines 123--124
[]|[][]$\OT1/qcr/m/n/10.95 https : / / appsto .
 []


Underfull \hbox (badness 10000) in paragraph at lines 125--125
[]|\OT1/cmr/m/n/10.95 Relax Med-i-tate
 []


Underfull \hbox (badness 10000) in paragraph at lines 126--127
[]|[][]$\OT1/qcr/m/n/10.95 https : / / appsto .
 []


Underfull \hbox (badness 10000) in paragraph at lines 129--130
[]|[][]$\OT1/qcr/m/n/10.95 https : / / appsto .
 []


Underfull \hbox (badness 1253) in paragraph at lines 131--131
[]|\OT1/cmr/m/n/10.95 Create remix share
 []


Underfull \hbox (badness 10000) in paragraph at lines 132--133
[]|[][]$\OT1/qcr/m/n/10.95 https : / / appsto .
 []


Underfull \hbox (badness 10000) in paragraph at lines 135--136
[]|[][]$\OT1/qcr/m/n/10.95 https : / / appsto .
 []


Underfull \hbox (badness 10000) in paragraph at lines 138--139
[]|[][]$\OT1/qcr/m/n/10.95 https : / / appsto .
 []


Underfull \hbox (badness 10000) in paragraph at lines 141--142
[]|[][]$\OT1/qcr/m/n/10.95 https : / / appsto .
 []


Underfull \hbox (badness 10000) in paragraph at lines 144--145
[]|[][]$\OT1/qcr/m/n/10.95 https : / / appsto .
 []


Underfull \hbox (badness 10000) in paragraph at lines 146--146
[]|\OT1/cmr/m/n/10.95 Composer's
 []


Underfull \hbox (badness 10000) in paragraph at lines 147--148
[]|[][]$\OT1/qcr/m/n/10.95 https : / / appsto .
 []


Underfull \hbox (badness 10000) in paragraph at lines 150--151
[]|[][]$\OT1/qcr/m/n/10.95 https : / / appsto .
 []


Underfull \hbox (badness 10000) in paragraph at lines 153--154
[]|[][]$\OT1/qcr/m/n/10.95 https : / / appsto .
 []


Underfull \hbox (badness 10000) in paragraph at lines 156--157
[]|[][]$\OT1/qcr/m/n/10.95 https : / / appsto .
 []


Underfull \hbox (badness 10000) in paragraph at lines 159--160
[]|[][]$\OT1/qcr/m/n/10.95 https : / / appsto .
 []


Underfull \hbox (badness 10000) in paragraph at lines 162--163
[]|[][]$\OT1/qcr/m/n/10.95 https : / / appsto .
 []


Underfull \hbox (badness 10000) in paragraph at lines 164--164
[]|\OT1/cmr/m/n/10.95 william LIND-
 []


Underfull \hbox (badness 10000) in paragraph at lines 165--166
[]|[][]$\OT1/qcr/m/n/10.95 https : / / appsto .
 []


Overfull \hbox (21.43907pt too wide) in paragraph at lines 112--169
[][] 
 []


Overfull \vbox (25.12694pt too high) has occurred while \output is active []


[32]
Underfull \hbox (badness 10000) in paragraph at lines 179--179
[]|\OT1/cmr/m/n/10.95 Application
 []


Underfull \hbox (badness 10000) in paragraph at lines 183--184
[]|[][]$\OT1/qcr/m/n/10.95 https : / / appsto .
 []


Underfull \hbox (badness 10000) in paragraph at lines 186--187
[]|[][]$\OT1/qcr/m/n/10.95 https : / / appsto .
 []


Underfull \hbox (badness 10000) in paragraph at lines 189--190
[]|[][]$\OT1/qcr/m/n/10.95 https : / / appsto .
 []


Underfull \hbox (badness 10000) in paragraph at lines 191--191
[]|\OT1/cmr/m/n/10.95 Interactive Mu-sic
 []


Underfull \hbox (badness 10000) in paragraph at lines 192--193
[]|[][]$\OT1/qcr/m/n/10.95 https : / / appsto .
 []


Underfull \hbox (badness 10000) in paragraph at lines 194--194
[]|\OT1/cmr/m/n/10.95 MINI-
 []


Underfull \hbox (badness 10000) in paragraph at lines 195--196
[]|[][]$\OT1/qcr/m/n/10.95 https : / / appsto .
 []


Underfull \hbox (badness 10000) in paragraph at lines 198--199
[]|[][]$\OT1/qcr/m/n/10.95 https : / / appsto .
 []


Underfull \hbox (badness 7308) in paragraph at lines 200--200
[]|\OT1/cmr/m/n/10.95 Deep House Elec-
 []


Underfull \hbox (badness 10000) in paragraph at lines 201--202
[]|[][]$\OT1/qcr/m/n/10.95 https : / / appsto .
 []


Underfull \hbox (badness 10000) in paragraph at lines 203--203
[]|\OT1/cmr/m/n/10.95 Electronic Dance
 []


Underfull \hbox (badness 10000) in paragraph at lines 204--205
[]|[][]$\OT1/qcr/m/n/10.95 https : / / appsto .
 []


Underfull \hbox (badness 10000) in paragraph at lines 207--208
[]|[][]$\OT1/qcr/m/n/10.95 https : / / appsto .
 []


Underfull \hbox (badness 4621) in paragraph at lines 209--209
[]|\OT1/cmr/m/n/10.95 intuitive chord se-
 []


Underfull \hbox (badness 10000) in paragraph at lines 210--211
[]|[][]$\OT1/qcr/m/n/10.95 https : / / appsto .
 []


Underfull \hbox (badness 1168) in paragraph at lines 212--212
[]|\OT1/cmr/m/n/10.95 EasyBeats Drum
 []


Underfull \hbox (badness 10000) in paragraph at lines 212--212
\OT1/cmr/m/n/10.95 Ma-chine Free
 []


Underfull \hbox (badness 10000) in paragraph at lines 212--212
[]|\OT1/cmr/m/n/10.95 Hopefully Use-ful
 []


Underfull \hbox (badness 10000) in paragraph at lines 213--214
[]|[][]$\OT1/qcr/m/n/10.95 https : / / appsto .
 []


Underfull \hbox (badness 10000) in paragraph at lines 216--217
[]|[][]$\OT1/qcr/m/n/10.95 https : / / appsto .
 []


Underfull \hbox (badness 10000) in paragraph at lines 219--220
[]|[][]$\OT1/qcr/m/n/10.95 https : / / itunes .
 []


Underfull \hbox (badness 10000) in paragraph at lines 219--220
\OT1/qcr/m/n/10.95 apple . com / au /
 []


Underfull \hbox (badness 10000) in paragraph at lines 219--220
\OT1/qcr/m/n/10.95 app / keezy /
 []


Underfull \hbox (badness 10000) in paragraph at lines 219--220
\OT1/qcr/m/n/10.95 id605855595 ?
 []


Underfull \hbox (badness 10000) in paragraph at lines 222--223
[]|[][]$\OT1/qcr/m/n/10.95 https : / / appsto .
 []

)
Overfull \hbox (21.43907pt too wide) in paragraph at lines 175--217
[][] 
 []


Overfull \vbox (45.52698pt too high) has occurred while \output is active []


[33]
\openout2 = `Appendices/AppendixB.aux'.

 (./Appendices/AppendixB.tex
Appendix C.
------------------------------------------------------------------------------
 C Questionnaire
------------------------------------------------------------------------------
<images/Questionnaire_1.png, id=868, 489.83pt x 692.5875pt>
File: images/Questionnaire_1.png Graphic file (type png)

<use images/Questionnaire_1.png>
Package pdftex.def Info: images/Questionnaire_1.png used on input line 8.
(pdftex.def)             Requested size: 417.47307pt x 590.29793pt.

<images/Questionnaire_2.png, id=869, 488.82625pt x 692.5875pt> [34



]
Overfull \vbox (88.90634pt too high) has occurred while \output is active []


[35 <./images/Questionnaire_1.png>]
File: images/Questionnaire_2.png Graphic file (type png)
 <use images/Questionnaire_2.png>
Package pdftex.def Info: images/Questionnaire_2.png used on input line 10.
(pdftex.def)             Requested size: 417.47307pt x 591.50267pt.
) [36 <./images/Questionnaire_2.png>] (./Appendices/AppendixC.tex
Appendix D.
------------------------------------------------------------------------------
 D Interview Questions
------------------------------------------------------------------------------

Overfull \hbox (3.00642pt too wide) in paragraph at lines 8--9
[]\OT1/qcr/m/n/10.95 1. Can you tell me about your ex-pe-ri-ence and train-ing 
in mu-sic?
 []


Underfull \hbox (badness 10000) in paragraph at lines 8--9

 []


Overfull \hbox (9.57642pt too wide) in paragraph at lines 10--11
[]\OT1/qcr/m/n/10.95 2. What kind of in-stru-ment you play most in your spare t
ime, and
 []


Underfull \hbox (badness 10000) in paragraph at lines 10--11

 []


Overfull \hbox (22.7164pt too wide) in paragraph at lines 12--13
[]\OT1/qcr/m/n/10.95 3. Among the 3 apps you just played, do you find one app a
t-tracted
 []


Underfull \hbox (badness 10000) in paragraph at lines 12--13

 []


Underfull \hbox (badness 10000) in paragraph at lines 14--15

 []


Overfull \hbox (9.57642pt too wide) in paragraph at lines 16--17
[]\OT1/qcr/m/n/10.95 5. Af-ter play-ing the three apps, can iden-tify any in-te
r-face pat-
 []


Underfull \hbox (badness 10000) in paragraph at lines 16--17

 []


Overfull \hbox (35.85638pt too wide) in paragraph at lines 18--19
[]\OT1/qcr/m/n/10.95 6. Did one par-tic-u-lar in-ter-face most in-spired your c
re-ativ-ity? How? 
 []


Underfull \hbox (badness 10000) in paragraph at lines 18--19

 []


Overfull \hbox (9.57642pt too wide) in paragraph at lines 20--21
[]\OT1/qcr/m/n/10.95 7. Do you think the com-plex-ity of the in-ter-face has an
 ef-fect on
 []


Underfull \hbox (badness 10000) in paragraph at lines 20--21

 []

[37


]
Overfull \hbox (9.57642pt too wide) in paragraph at lines 22--24
[]\OT1/qcr/m/n/10.95 8. Would you play any of these apps later, or will you tel
l your
 []


Underfull \hbox (badness 10000) in paragraph at lines 22--24

 []

[38]) (./Appendices/AppendixD.tex
Appendix E.
------------------------------------------------------------------------------
 E Questionnaire Data
------------------------------------------------------------------------------
<images/questionnaire_data1.png, id=892, 718.685pt x 370.38374pt>
File: images/questionnaire_data1.png Graphic file (type png)

<use images/questionnaire_data1.png>
Package pdftex.def Info: images/questionnaire_data1.png used on input line 4.
(pdftex.def)             Requested size: 417.47307pt x 215.15616pt.

<images/questionnaire_data2.png, id=893, 718.685pt x 370.38374pt>
File: images/questionnaire_data2.png Graphic file (type png)

<use images/questionnaire_data2.png>
Package pdftex.def Info: images/questionnaire_data2.png used on input line 5.
(pdftex.def)             Requested size: 417.47307pt x 215.15616pt.

<images/questionnaire_data3.png, id=894, 782.925pt x 372.39125pt>
File: images/questionnaire_data3.png Graphic file (type png)

<use images/questionnaire_data3.png>
Package pdftex.def Info: images/questionnaire_data3.png used on input line 6.
(pdftex.def)             Requested size: 417.47307pt x 198.57104pt.
 [39


 <./images/questionnaire_data1.png> <./images/questionnaire_data2.png>] [40 <./
images/questionnaire_data3.png>])
------------------------------------------------------------------------------
 Bibliography
------------------------------------------------------------------------------
(./Thesis.bbl
Missing character: There is no â in font cmr10!
Missing character: There is no  in font cmr10!
Missing character: There is no  in font cmr10!
Missing character: There is no â in font cmr10!
Missing character: There is no  in font cmr10!
Missing character: There is no  in font cmr10!
 [41



]
Missing character: There is no â in font cmr10!
Missing character: There is no  in font cmr10!
Missing character: There is no  in font cmr10!
Missing character: There is no â in font cmr10!
Missing character: There is no  in font cmr10!
Missing character: There is no  in font cmr10!
 [42]
Missing character: There is no â in font cmr10!
Missing character: There is no  in font cmr10!
Missing character: There is no  in font cmr10!
Missing character: There is no â in font cmr10!
Missing character: There is no  in font cmr10!
Missing character: There is no  in font cmr10!
 [43])
Package atveryend Info: Empty hook `BeforeClearDocument' on input line 234.
 [44]
Package atveryend Info: Empty hook `AfterLastShipout' on input line 234.
 (./Thesis.aux (./Appendices/Appendix.aux)
(./Appendices/AppendixA.aux) (./Appendices/AppendixB.aux))
Package atveryend Info: Executing hook `AtVeryEndDocument' on input line 234.
Package atveryend Info: Executing hook `AtEndAfterFileList' on input line 234.
Package rerunfilecheck Info: File `Thesis.out' has not changed.
(rerunfilecheck)             Checksum: F256DBA4326AC87BFCC6BE520E8D34A6;7270.


LaTeX Warning: There were undefined references.

Package atveryend Info: Empty hook `AtVeryVeryEnd' on input line 234.
 ) 
Here is how much of TeX's memory you used:
 14983 strings out of 493014
 215300 string characters out of 6133351
 298074 words of memory out of 5000000
 18074 multiletter control sequences out of 15000+600000
 13635 words of font info for 50 fonts, out of 8000000 for 9000
 1141 hyphenation exceptions out of 8191
 49i,12n,45p,1530b,497s stack positions out of 5000i,500n,10000p,200000b,80000s
{/usr/local/texlive/2016/texmf-dist/fonts/enc/dvips/tex-gyre/q-rmm.enc}{/usr/
local/texlive/2016/texmf-dist/fonts/enc/dvips/cm-super/cm-super-ts1.enc}</usr/l
ocal/texlive/2016/texmf-dist/fonts/type1/public/amsfonts/cm/cmb10.pfb></usr/loc
al/texlive/2016/texmf-dist/fonts/type1/public/amsfonts/cm/cmcsc10.pfb></usr/loc
al/texlive/2016/texmf-dist/fonts/type1/public/amsfonts/cm/cmmi10.pfb></usr/loca
l/texlive/2016/texmf-dist/fonts/type1/public/amsfonts/cm/cmr10.pfb></usr/local/
texlive/2016/texmf-dist/fonts/type1/public/amsfonts/cm/cmr12.pfb></usr/local/te
xlive/2016/texmf-dist/fonts/type1/public/amsfonts/cm/cmr17.pfb></usr/local/texl
ive/2016/texmf-dist/fonts/type1/public/amsfonts/cm/cmsy10.pfb></usr/local/texli
ve/2016/texmf-dist/fonts/type1/public/amsfonts/cm/cmti10.pfb></usr/local/texliv
e/2016/texmf-dist/fonts/type1/public/amsfonts/cm/cmti12.pfb></usr/local/texlive
/2016/texmf-dist/fonts/type1/public/amsfonts/symbols/msam7.pfb></usr/local/texl
ive/2016/texmf-dist/fonts/type1/public/tex-gyre/qcrr.pfb></usr/local/texlive/20
16/texmf-dist/fonts/type1/public/cm-super/sfrm1095.pfb>
Output written on Thesis.pdf (54 pages, 5858586 bytes).
PDF statistics:
 1012 PDF objects out of 1200 (max. 8388607)
 883 compressed objects within 9 object streams
 152 named destinations out of 1000 (max. 500000)
 460 words of extra memory for PDF output out of 10000 (max. 10000000)

