\BOOKMARK [0][-]{dummy.1}{\376\377\000D\000e\000c\000l\000a\000r\000a\000t\000i\000o\000n\000\040\000o\000f\000\040\000A\000u\000t\000h\000o\000r\000s\000h\000i\000p}{}% 1
\BOOKMARK [0][-]{dummy.2}{\376\377\000A\000b\000s\000t\000r\000a\000c\000t}{}% 2
\BOOKMARK [0][-]{dummy.3}{\376\377\000A\000c\000k\000n\000o\000w\000l\000e\000d\000g\000e\000m\000e\000n\000t\000s}{}% 3
\BOOKMARK [0][-]{dummy.5}{\376\377\000L\000i\000s\000t\000\040\000o\000f\000\040\000F\000i\000g\000u\000r\000e\000s}{}% 4
\BOOKMARK [0][-]{dummy.7}{\376\377\000L\000i\000s\000t\000\040\000o\000f\000\040\000T\000a\000b\000l\000e\000s}{}% 5
\BOOKMARK [0][-]{dummy.9}{\376\377\000A\000b\000b\000r\000e\000v\000i\000a\000t\000i\000o\000n\000s}{}% 6
\BOOKMARK [0][-]{chapter.12}{\376\377\0001\000\040\000I\000n\000t\000r\000o\000d\000u\000c\000t\000i\000o\000n}{}% 7
\BOOKMARK [1][-]{section.13}{\376\377\0001\000.\0001\000\040\000B\000a\000c\000k\000g\000r\000o\000u\000n\000d}{chapter.12}% 8
\BOOKMARK [2][-]{subsection.14}{\376\377\0001\000.\0001\000.\0001\000\040\000D\000e\000v\000e\000l\000o\000p\000m\000e\000n\000t\000\040\000o\000f\000\040\000M\000u\000s\000i\000c\000\040\000S\000e\000q\000u\000e\000n\000c\000e\000r}{section.13}% 9
\BOOKMARK [2][-]{subsection.15}{\376\377\0001\000.\0001\000.\0002\000\040\000i\000P\000a\000d\000:\000\040\000a\000\040\000n\000e\000w\000\040\000p\000l\000a\000y\000g\000r\000o\000u\000n\000d\000\040\000f\000o\000r\000\040\000m\000u\000s\000i\000c\000i\000a\000n\000s}{section.13}% 10
\BOOKMARK [1][-]{section.16}{\376\377\0001\000.\0002\000\040\000R\000e\000l\000a\000t\000e\000d\000\040\000W\000o\000r\000k}{chapter.12}% 11
\BOOKMARK [1][-]{section.18}{\376\377\0001\000.\0003\000\040\000R\000e\000s\000e\000a\000r\000c\000h\000\040\000m\000o\000t\000i\000v\000a\000t\000i\000o\000n\000\040\000a\000n\000d\000\040\000g\000o\000a\000l\000s}{chapter.12}% 12
\BOOKMARK [1][-]{section.19}{\376\377\0001\000.\0004\000\040\000T\000h\000e\000s\000i\000s\000\040\000s\000t\000r\000u\000c\000t\000u\000r\000e}{chapter.12}% 13
\BOOKMARK [0][-]{chapter.20}{\376\377\0002\000\040\000L\000i\000t\000e\000r\000a\000t\000u\000r\000e\000\040\000R\000e\000v\000i\000e\000w}{}% 14
\BOOKMARK [1][-]{section.21}{\376\377\0002\000.\0001\000\040\000T\000h\000e\000\040\000d\000e\000v\000e\000l\000o\000p\000m\000e\000n\000t\000\040\000o\000f\000\040\000N\000I\000M\000E}{chapter.20}% 15
\BOOKMARK [1][-]{section.22}{\376\377\0002\000.\0002\000\040\000M\000o\000b\000i\000l\000e\000\040\000M\000u\000s\000i\000c}{chapter.20}% 16
\BOOKMARK [1][-]{section.23}{\376\377\0002\000.\0003\000\040\000M\000u\000s\000i\000c\000a\000l\000\040\000I\000n\000t\000e\000r\000a\000c\000t\000i\000o\000n\000\040\000P\000a\000t\000t\000e\000r\000n\000s\000\040\000a\000n\000d\000\040\000S\000e\000q\000u\000e\000n\000c\000e\000r}{chapter.20}% 17
\BOOKMARK [1][-]{section.24}{\376\377\0002\000.\0004\000\040\000E\000v\000a\000l\000u\000a\000t\000i\000o\000n\000\040\000o\000f\000\040\000d\000i\000g\000i\000t\000a\000l\000\040\000m\000u\000s\000i\000c\000a\000l\000\040\000i\000n\000s\000t\000r\000u\000m\000e\000n\000t\000s}{chapter.20}% 18
\BOOKMARK [0][-]{chapter.25}{\376\377\0003\000\040\000S\000t\000u\000d\000y\000\040\0001\000:\000\040\000C\000l\000a\000s\000s\000i\000f\000i\000c\000a\000t\000i\000o\000n\000\040\000o\000f\000\040\000m\000u\000s\000i\000c\000\040\000s\000e\000q\000u\000e\000n\000c\000e\000r}{}% 19
\BOOKMARK [1][-]{section.26}{\376\377\0003\000.\0001\000\040\000M\000e\000t\000h\000o\000d}{chapter.25}% 20
\BOOKMARK [2][-]{subsection.27}{\376\377\0003\000.\0001\000.\0001\000\040\000S\000e\000a\000r\000c\000h\000\040\000C\000r\000i\000t\000e\000r\000i\000a}{section.26}% 21
\BOOKMARK [2][-]{subsection.28}{\376\377\0003\000.\0001\000.\0002\000\040\000C\000l\000a\000s\000s\000i\000f\000i\000c\000a\000t\000i\000o\000n\000\040\000c\000r\000i\000t\000e\000r\000i\000a}{section.26}% 22
\BOOKMARK [1][-]{section.34}{\376\377\0003\000.\0002\000\040\000R\000e\000s\000u\000l\000t\000s}{chapter.25}% 23
\BOOKMARK [0][-]{chapter.38}{\376\377\0004\000\040\000S\000t\000u\000d\000y\000\040\0002\000:\000\040\000U\000s\000e\000r\000\040\000S\000t\000u\000d\000y}{}% 24
\BOOKMARK [1][-]{section.39}{\376\377\0004\000.\0001\000\040\000M\000e\000t\000h\000o\000d}{chapter.38}% 25
\BOOKMARK [2][-]{subsection.40}{\376\377\0004\000.\0001\000.\0001\000\040\000R\000e\000p\000r\000e\000s\000e\000n\000t\000a\000t\000i\000v\000e\000\040\000S\000e\000q\000u\000e\000n\000c\000e\000r\000\040\000A\000p\000p\000l\000i\000c\000a\000t\000i\000o\000n\000s}{section.39}% 26
\BOOKMARK [2][-]{subsection.41}{\376\377\0004\000.\0001\000.\0002\000\040\000Q\000u\000e\000s\000t\000i\000o\000n\000n\000a\000i\000r\000e}{section.39}% 27
\BOOKMARK [2][-]{subsection.43}{\376\377\0004\000.\0001\000.\0003\000\040\000P\000a\000r\000t\000i\000c\000i\000p\000a\000n\000t\000s}{section.39}% 28
\BOOKMARK [1][-]{section.45}{\376\377\0004\000.\0002\000\040\000U\000s\000e\000r\000\040\000S\000t\000u\000d\000y\000\040\000P\000r\000o\000c\000e\000s\000s}{chapter.38}% 29
\BOOKMARK [2][-]{subsection.46}{\376\377\0004\000.\0002\000.\0001\000\040\000A\000p\000p\000s\000\040\000t\000r\000y\000-\000o\000n}{section.45}% 30
\BOOKMARK [2][-]{subsection.47}{\376\377\0004\000.\0002\000.\0002\000\040\000I\000n\000t\000e\000r\000v\000i\000e\000w}{section.45}% 31
\BOOKMARK [1][-]{section.48}{\376\377\0004\000.\0003\000\040\000R\000e\000s\000u\000l\000t\000s}{chapter.38}% 32
\BOOKMARK [2][-]{subsection.49}{\376\377\0004\000.\0003\000.\0001\000\040\000Q\000u\000a\000n\000t\000i\000t\000a\000t\000i\000v\000e\000\040\000R\000e\000s\000u\000l\000t\000s}{section.48}% 33
\BOOKMARK [2][-]{subsection.51}{\376\377\0004\000.\0003\000.\0002\000\040\000Q\000u\000a\000l\000i\000t\000a\000t\000i\000v\000e\000\040\000R\000e\000s\000u\000l\000t\000s}{section.48}% 34
\BOOKMARK [2][-]{subsection.53}{\376\377\0004\000.\0003\000.\0003\000\040\000D\000i\000s\000c\000u\000s\000s\000i\000o\000n}{section.48}% 35
\BOOKMARK [0][-]{chapter.55}{\376\377\0005\000\040\000C\000o\000n\000c\000l\000u\000s\000i\000o\000n}{}% 36
\BOOKMARK [1][-]{section.56}{\376\377\0005\000.\0001\000\040\000L\000i\000m\000i\000t\000a\000t\000i\000o\000n\000\040\000a\000n\000d\000\040\000F\000u\000t\000u\000r\000e\000\040\000W\000o\000r\000k}{chapter.55}% 37
\BOOKMARK [0][-]{appendix.57}{\376\377\000A\000\040\000I\000n\000d\000e\000p\000e\000n\000d\000e\000n\000t\000\040\000S\000t\000u\000d\000y\000\040\000C\000o\000n\000t\000r\000a\000c\000t}{}% 38
\BOOKMARK [0][-]{appendix.58}{\376\377\000B\000\040\000A\000p\000p\000\040\000S\000t\000o\000r\000e\000\040\000M\000u\000s\000i\000c\000\040\000S\000e\000q\000u\000e\000n\000c\000e\000r\000\040\000A\000p\000p\000l\000i\000c\000a\000t\000i\000o\000n\000s}{}% 39
\BOOKMARK [0][-]{appendix.59}{\376\377\000C\000\040\000Q\000u\000e\000s\000t\000i\000o\000n\000n\000a\000i\000r\000e}{}% 40
\BOOKMARK [0][-]{appendix.60}{\376\377\000D\000\040\000I\000n\000t\000e\000r\000v\000i\000e\000w\000\040\000Q\000u\000e\000s\000t\000i\000o\000n\000s}{}% 41
\BOOKMARK [0][-]{appendix.61}{\376\377\000E\000\040\000Q\000u\000e\000s\000t\000i\000o\000n\000n\000a\000i\000r\000e\000\040\000D\000a\000t\000a}{}% 42
\BOOKMARK [0][-]{dummy.62}{\376\377\000B\000i\000b\000l\000i\000o\000g\000r\000a\000p\000h\000y}{}% 43
